make all --print-data-base --no-builtin-variables --no-builtin-rules --question
# GNU Make 3.82
# Built for x86_64-redhat-linux-gnu
# Copyright (C) 2010  Free Software Foundation, Inc.
# License GPLv3+: GNU GPL version 3 or later <http://gnu.org/licenses/gpl.html>
# This is free software: you are free to change and redistribute it.
# There is NO WARRANTY, to the extent permitted by law.
 

# Make data base, printed on Sun Jun 12 11:24:53 2022

# Variables

# automatic
<D = $(patsubst %/,%,$(dir $<))
# automatic
?F = $(notdir $?)
# default
.SHELLFLAGS := -c
# environment
VSCODE_AGENT_FOLDER = /root/.vscode-server
# environment
VSCODE_LOG_NATIVE = false
# automatic
?D = $(patsubst %/,%,$(dir $?))
# automatic
@D = $(patsubst %/,%,$(dir $@))
# automatic
@F = $(notdir $@)
# default
MAKE_VERSION := 3.82
# makefile
CURDIR := /root/gofiles/BloodPressureMeasurementRecordApplet
# makefile
SHELL = /bin/sh
# environment
VSCODE_NLS_CONFIG = {"locale":"zh-cn","availableLanguages":{"*":"zh-cn"},"_languagePackId":"4d12339779e8282869a6d44b7af3df1e.zh-cn","_translationsConfigFile":"/root/.vscode-server/data/clp/4d12339779e8282869a6d44b7af3df1e.zh-cn/tcf.json","_cacheRoot":"/root/.vscode-server/data/clp/4d12339779e8282869a6d44b7af3df1e.zh-cn","_resolvedLanguagePackCoreLocation":"/root/.vscode-server/data/clp/4d12339779e8282869a6d44b7af3df1e.zh-cn/4af164ea3a06f701fe3e89a2bcbb421d2026b68f","_corruptedFile":"/root/.vscode-server/data/clp/4d12339779e8282869a6d44b7af3df1e.zh-cn/corrupted.info","_languagePackSupport":true}
# environment
_ = /usr/bin/make
# makefile (from `Makefile', line 1)
MAKEFILE_LIST :=  Makefile
# environment
VSCODE_AMD_ENTRYPOINT = vs/workbench/api/node/extensionHostProcess
# environment
VSCODE_VERBOSE_LOGGING = true
# makefile (from `Makefile', line 6)
version_package = BloodPressureMeasurementRecordApplet/pkg/version
# environment
LESSOPEN = ||/usr/bin/lesspipe.sh %s
# environment
VSCODE_CWD = /root
# environment
GOPROXY = https://goproxy.cn,direct
# makefile (from `Makefile', line 5)
app_version = v0.1.5
# makefile (from `Makefile', line 4)
build_time = $(shell date -u '+%Y-%m-%d_%H:%M:%S')
# environment
SSH_CONNECTION = 163.125.208.211 25495 172.17.0.8 22
# environment
PATH = /root/.vscode-server/bin/4af164ea3a06f701fe3e89a2bcbb421d2026b68f/bin/remote-cli:/usr/local/sbin:/usr/local/bin:/usr/sbin:/usr/bin:/root/bin
# environment
XDG_RUNTIME_DIR = /run/user/0
# environment
GOPATH = /root/go
# environment
VSCODE_LOG_STACK = false
# default
.FEATURES := target-specific order-only second-expansion else-if shortest-stem undefine oneshell archives jobserver check-symlink
# makefile (from `Makefile', line 2)
commit_id = $(shell git rev-parse HEAD)
# automatic
%F = $(notdir $%)
# environment
VSCODE_PIPE_LOGGING = true
# environment
PWD = /root/gofiles/BloodPressureMeasurementRecordApplet
# environment
VSCODE_IPC_HOOK_CLI = /run/user/0/vscode-ipc-de92998c-da5b-48cb-9b4f-81dac1a6eda3.sock
# automatic
*D = $(patsubst %/,%,$(dir $*))
# environment
HISTTIMEFORMAT = %F %T 
# environment
GOMODCACHE = /root/go/pkg/mod
# environment
HOME = /root
# environment
LOGNAME = root
# environment
APPLICATION_INSIGHTS_NO_DIAGNOSTIC_CHANNEL = true
# automatic
+F = $(notdir $+)
# makefile (from `Makefile', line 1)
go_version = $(shell go version)
# environment
VSCODE_HANDLES_UNCAUGHT_ERRORS = true
# automatic
^D = $(patsubst %/,%,$(dir $^))
# environment
HOSTNAME = VM-0-8-centos
# environment
MAKELEVEL := 0
# default
MAKE = $(MAKE_COMMAND)
# default
MAKECMDGOALS := all
# environment
SHLVL = 5
# environment
XDG_SESSION_ID = 194057
# environment
USER = root
# makefile
.DEFAULT_GOAL := all
# automatic
%D = $(patsubst %/,%,$(dir $%))
# default
MAKE_COMMAND := make
# default
.VARIABLES := 
# automatic
*F = $(notdir $*)
# makefile
MAKEFLAGS = Rrqp
# environment
MFLAGS = -Rrqp
# environment
SSH_CLIENT = 163.125.208.211 25495 22
# environment
MAIL = /var/spool/mail/root
# automatic
+D = $(patsubst %/,%,$(dir $+))
# environment
BROWSER = /root/.vscode-server/bin/4af164ea3a06f701fe3e89a2bcbb421d2026b68f/bin/helpers/browser.sh
# environment
VSCODE_HANDLES_SIGPIPE = true
# default
MAKEFILES := 
# environment
PROMPT_COMMAND = history -a; history -a; history -a; history -a; 
# automatic
<F = $(notdir $<)
# environment
LC_ALL = C
# automatic
^F = $(notdir $^)
# default
SUFFIXES := 
# environment
HISTSIZE = 3000
# makefile (from `Makefile', line 7)
app_name = BloodPressureMeasurementRecordApplet
# default
.INCLUDE_DIRS = /usr/include /usr/local/include /usr/include
# makefile (from `Makefile', line 3)
branch_name = $(shell git name-rev --name-only HEAD)
# default
.RECIPEPREFIX := 
# environment
LANG = C
# environment
VSCODE_EXTHOST_WILL_SEND_SOCKET = true
# makefile (from `Makefile', line 8)
work_dir = target
# variable set hash-table stats:
# Load=76/1024=7%, Rehash=0, Collisions=13/120=11%

# Pattern-specific Variable Values

# No pattern-specific variable values.

# Directories

# . (device 64769, inode 921672): 21 files, no impossibilities.

# 21 files, no impossibilities in 1 directories.

# Implicit Rules

# No implicit rules.

# Files

.ONESHELL:
#  Implicit rule search has not been done.
#  Modification time never checked.
#  File has not been updated.

all: package
#  Phony target (prerequisite of .PHONY).
#  Command line target.
#  Implicit rule search has not been done.
#  File does not exist.
#  File has been updated.
#  Needs to be updated (-q is set).
# variable set hash-table stats:
# Load=0/32=0%, Rehash=0, Collisions=0/22=0%

.PHONY: version clean build package all
#  Implicit rule search has not been done.
#  Modification time never checked.
#  File has not been updated.

# Not a target:
.SUFFIXES:
#  Implicit rule search has not been done.
#  Modification time never checked.
#  File has not been updated.

# Not a target:
Makefile:
#  Implicit rule search has been done.
#  Last modified 2022-06-11 18:36:23.498420433
#  File has been updated.
#  Successfully updated.

build: target
#  Phony target (prerequisite of .PHONY).
#  Implicit rule search has not been done.
#  Implicit/static pattern stem: `'
#  File does not exist.
#  File has been updated.
#  Needs to be updated (-q is set).
# automatic
# @ := build
# automatic
# % := 
# automatic
# * := 
# automatic
# + := target
# automatic
# | := 
# automatic
# < := target
# automatic
# ^ := target
# automatic
# ? := target
# variable set hash-table stats:
# Load=8/32=25%, Rehash=0, Collisions=1/30=3%
#  recipe to execute (from `Makefile', line 12):
	@go build -ldflags \
	"-X ${version_package}.CommitId=${commit_id} \
	-X ${version_package}.BranchName=${branch_name} \
	-X ${version_package}.BuildTime=${build_time} \
	-X ${version_package}.AppVersion=${app_version}" -v \
	-o ${work_dir}/${app_name} ./.

version:
#  Phony target (prerequisite of .PHONY).
#  Implicit rule search has not been done.
#  File does not exist.
#  File has not been updated.
#  recipe to execute (from `Makefile', line 20):
	@$(go_version)
	@echo APP_VERSION $(app_version)

# Not a target:
.DEFAULT:
#  Implicit rule search has not been done.
#  Modification time never checked.
#  File has not been updated.

package: build
#  Phony target (prerequisite of .PHONY).
#  Implicit rule search has not been done.
#  File does not exist.
#  File has been updated.
#  Needs to be updated (-q is set).
# variable set hash-table stats:
# Load=0/32=0%, Rehash=0, Collisions=0/22=0%
#  recipe to execute (from `Makefile', line 29):
	@# 使用tar命令对${word_dir下面的文件打包}
	cp -r config  ${work_dir}/
	cp ./scripts/run.sh ${work_dir}/
	cd ${work_dir}/ && tar -zcvf ${app_name}.tar.gz *

clean:
#  Phony target (prerequisite of .PHONY).
#  Implicit rule search has not been done.
#  File does not exist.
#  File has not been updated.
#  recipe to execute (from `Makefile', line 23):
	@rm -rf target

 
target:
#  Implicit rule search has not been done.
#  Last modified 2022-06-11 18:37:48.354366064
#  File has been updated.
#  Successfully updated.
#  recipe to execute (from `Makefile', line 25):
	@mkdir ${work_dir}

# files hash-table stats:
# Load=11/1024=1%, Rehash=0, Collisions=0/33=0%
# VPATH Search Paths

# No `vpath' search paths.

# No general (`VPATH' variable) search path.

# # of strings in strcache: 0 / lookups = 55 / hits = 55
# # of strcache buffers: 1 (* 8176 B/buffer = 8176 B)
# strcache used: total = 0 (249) / max = 0 / min = 8176 / avg = 0
# strcache free: total = 0 (7927) / max = 0 / min = 8176 / avg = 0

# strcache hash-table stats:
# Load=32/8192=0%, Rehash=0, Collisions=1/55=2%
# Finished Make data base on Sun Jun 12 11:24:53 2022

 
